e:\dokumenty\programowanie\to\win32project1\debug\background.obj
e:\dokumenty\programowanie\to\win32project1\debug\bonus.obj
e:\dokumenty\programowanie\to\win32project1\debug\bullet.obj
e:\dokumenty\programowanie\to\win32project1\debug\bullets.obj
e:\dokumenty\programowanie\to\win32project1\debug\enemies.obj
e:\dokumenty\programowanie\to\win32project1\debug\enemy.obj
e:\dokumenty\programowanie\to\win32project1\debug\game_board.obj
e:\dokumenty\programowanie\to\win32project1\debug\main.obj
e:\dokumenty\programowanie\to\win32project1\debug\my_button.obj
e:\dokumenty\programowanie\to\win32project1\debug\my_window.obj
e:\dokumenty\programowanie\to\win32project1\debug\player.obj
e:\dokumenty\programowanie\to\win32project1\debug\spaceship.obj
e:\dokumenty\programowanie\to\win32project1\debug\vc110.pdb
e:\dokumenty\programowanie\to\debug\win32project1.ilk
e:\dokumenty\programowanie\to\debug\win32project1.exe
e:\dokumenty\programowanie\to\debug\win32project1.pdb
c:\users\tomasz kryg\downloads\problemhighscore\win32project1\debug\vc120.pdb
c:\users\wojciech kryg\desktop\problemhighscore\win32project1\debug\vc120.pdb
c:\users\wojciech kryg\desktop\problemhighscore\win32project1\debug\vc120.idb
c:\users\wojciech kryg\desktop\problemhighscore\win32project1\debug\background.obj
c:\users\wojciech kryg\desktop\problemhighscore\win32project1\debug\bonus.obj
c:\users\wojciech kryg\desktop\problemhighscore\win32project1\debug\bullet.obj
c:\users\wojciech kryg\desktop\problemhighscore\win32project1\debug\bullets.obj
c:\users\wojciech kryg\desktop\problemhighscore\win32project1\debug\enemies.obj
c:\users\wojciech kryg\desktop\problemhighscore\win32project1\debug\enemy.obj
c:\users\wojciech kryg\desktop\problemhighscore\win32project1\debug\game_board.obj
c:\users\wojciech kryg\desktop\problemhighscore\win32project1\debug\main.obj
c:\users\wojciech kryg\desktop\problemhighscore\win32project1\debug\my_button.obj
c:\users\wojciech kryg\desktop\problemhighscore\win32project1\debug\my_window.obj
c:\users\wojciech kryg\desktop\problemhighscore\win32project1\debug\player.obj
c:\users\wojciech kryg\desktop\problemhighscore\win32project1\debug\spaceship.obj
c:\users\tomasz kryg\downloads\problemhighscore\debug\win32project1.ilk
c:\users\tomasz kryg\downloads\problemhighscore\debug\win32project1.exe
c:\users\tomasz kryg\downloads\problemhighscore\debug\win32project1.pdb
c:\users\wojciech kryg\desktop\problemhighscore\win32project1\debug\cl.command.1.tlog
c:\users\wojciech kryg\desktop\problemhighscore\win32project1\debug\cl.read.1.tlog
c:\users\wojciech kryg\desktop\problemhighscore\win32project1\debug\cl.write.1.tlog
c:\users\wojciech kryg\desktop\problemhighscore\win32project1\debug\link-cvtres.read.1.tlog
c:\users\wojciech kryg\desktop\problemhighscore\win32project1\debug\link-cvtres.write.1.tlog
c:\users\wojciech kryg\desktop\problemhighscore\win32project1\debug\link-rc.read.1.tlog
c:\users\wojciech kryg\desktop\problemhighscore\win32project1\debug\link-rc.write.1.tlog
c:\users\wojciech kryg\desktop\problemhighscore\win32project1\debug\link.2508-cvtres.read.1.tlog
c:\users\wojciech kryg\desktop\problemhighscore\win32project1\debug\link.2508-cvtres.write.1.tlog
c:\users\wojciech kryg\desktop\problemhighscore\win32project1\debug\link.2508-rc.read.1.tlog
c:\users\wojciech kryg\desktop\problemhighscore\win32project1\debug\link.2508-rc.write.1.tlog
c:\users\wojciech kryg\desktop\problemhighscore\win32project1\debug\link.2508.read.1.tlog
c:\users\wojciech kryg\desktop\problemhighscore\win32project1\debug\link.2508.write.1.tlog
c:\users\wojciech kryg\desktop\problemhighscore\win32project1\debug\link.command.1.tlog
c:\users\wojciech kryg\desktop\problemhighscore\win32project1\debug\link.read.1.tlog
c:\users\wojciech kryg\desktop\problemhighscore\win32project1\debug\link.write.1.tlog
c:\users\wojciech kryg\desktop\problemhighscore\win32project1\debug\vc110.idb
c:\users\wojciech kryg\desktop\problemhighscore\win32project1\debug\vc110.pdb
c:\users\wojciech kryg\desktop\problemhighscore\debug\win32project1.pdb
c:\users\wojciech kryg\desktop\problemhighscore\win32project1\debug\win32project1.tlog\cl.command.1.tlog
c:\users\wojciech kryg\desktop\problemhighscore\win32project1\debug\win32project1.tlog\cl.read.1.tlog
c:\users\wojciech kryg\desktop\problemhighscore\win32project1\debug\win32project1.tlog\cl.write.1.tlog
c:\users\wojciech kryg\desktop\problemhighscore\win32project1\debug\win32project1.tlog\link-cvtres.read.1.tlog
c:\users\wojciech kryg\desktop\problemhighscore\win32project1\debug\win32project1.tlog\link-cvtres.write.1.tlog
c:\users\wojciech kryg\desktop\problemhighscore\win32project1\debug\win32project1.tlog\link-rc.read.1.tlog
c:\users\wojciech kryg\desktop\problemhighscore\win32project1\debug\win32project1.tlog\link-rc.write.1.tlog
c:\users\wojciech kryg\desktop\problemhighscore\win32project1\debug\win32project1.tlog\link.1288-cvtres.read.1.tlog
c:\users\wojciech kryg\desktop\problemhighscore\win32project1\debug\win32project1.tlog\link.1288-cvtres.write.1.tlog
c:\users\wojciech kryg\desktop\problemhighscore\win32project1\debug\win32project1.tlog\link.1288-rc.read.1.tlog
c:\users\wojciech kryg\desktop\problemhighscore\win32project1\debug\win32project1.tlog\link.1288-rc.write.1.tlog
c:\users\wojciech kryg\desktop\problemhighscore\win32project1\debug\win32project1.tlog\link.1288.read.1.tlog
c:\users\wojciech kryg\desktop\problemhighscore\win32project1\debug\win32project1.tlog\link.1288.write.1.tlog
c:\users\wojciech kryg\desktop\problemhighscore\win32project1\debug\win32project1.tlog\link.command.1.tlog
c:\users\wojciech kryg\desktop\problemhighscore\win32project1\debug\win32project1.tlog\link.read.1.tlog
c:\users\wojciech kryg\desktop\problemhighscore\win32project1\debug\win32project1.tlog\link.write.1.tlog
